2025-06-14 11:26:20,601 [Test worker] INFO  o.s.t.c.s.AnnotationConfigContextLoaderUtils - Could not detect default configuration classes for test class [library.acceptancetests.AcceptanceTest1]: AcceptanceTest1 does not declare any static, non-private, non-final, nested classes annotated with @Configuration.
2025-06-14 11:26:20,855 [Test worker] INFO  o.s.b.t.c.SpringBootTestContextBootstrapper - Found @SpringBootConfiguration library.BookListApplication for test class library.acceptancetests.AcceptanceTest1
2025-06-14 11:26:21,679 [Test worker] INFO  l.acceptancetests.AcceptanceTest1 - Starting AcceptanceTest1 using Java 19.0.2 with PID 948 (started by Оксана in C:\Users\Оксана\IdeaProjects\LibraryApplication\st_danil_book)
2025-06-14 11:26:21,684 [Test worker] INFO  l.acceptancetests.AcceptanceTest1 - No active profile set, falling back to 1 default profile: "default"
2025-06-14 11:26:23,460 [Test worker] INFO  o.s.d.r.c.RepositoryConfigurationDelegate - Bootstrapping Spring Data JPA repositories in DEFAULT mode.
2025-06-14 11:26:23,631 [Test worker] INFO  o.s.d.r.c.RepositoryConfigurationDelegate - Finished Spring Data repository scanning in 153 ms. Found 3 JPA repository interfaces.
2025-06-14 11:26:24,503 [Test worker] INFO  com.zaxxer.hikari.HikariDataSource - HikariPool-1 - Starting...
2025-06-14 11:26:25,000 [Test worker] INFO  com.zaxxer.hikari.pool.HikariPool - HikariPool-1 - Added connection conn0: url=jdbc:h2:mem:testdb user=SA
2025-06-14 11:26:25,004 [Test worker] INFO  com.zaxxer.hikari.HikariDataSource - HikariPool-1 - Start completed.
2025-06-14 11:26:25,310 [Test worker] INFO  o.h.jpa.internal.util.LogHelper - HHH000204: Processing PersistenceUnitInfo [name: default]
2025-06-14 11:26:25,505 [Test worker] INFO  org.hibernate.Version - HHH000412: Hibernate ORM core version 6.5.0.Final
2025-06-14 11:26:25,616 [Test worker] INFO  o.h.c.i.RegionFactoryInitiator - HHH000026: Second-level cache disabled
2025-06-14 11:26:26,278 [Test worker] INFO  o.s.o.j.p.SpringPersistenceUnitInfo - No LoadTimeWeaver setup: ignoring JPA class transformer
2025-06-14 11:26:26,399 [Test worker] WARN  org.hibernate.orm.deprecation - HHH90000025: H2Dialect does not need to be specified explicitly using 'hibernate.dialect' (remove the property setting and it will be selected by default)
2025-06-14 11:26:28,034 [Test worker] INFO  o.h.e.t.j.p.i.JtaPlatformInitiator - HHH000489: No JTA platform available (set 'hibernate.transaction.jta.platform' to enable JTA platform integration)
2025-06-14 11:26:28,089 [Test worker] INFO  o.s.o.j.LocalContainerEntityManagerFactoryBean - Initialized JPA EntityManagerFactory for persistence unit 'default'
2025-06-14 11:26:28,638 [Test worker] INFO  o.s.d.j.r.query.QueryEnhancerFactory - Hibernate is in classpath; If applicable, HQL parser will be used.
2025-06-14 11:26:30,268 [Test worker] WARN  o.s.b.a.o.j.JpaBaseConfiguration$JpaWebConfiguration - spring.jpa.open-in-view is enabled by default. Therefore, database queries may be performed during view rendering. Explicitly configure spring.jpa.open-in-view to disable this warning
2025-06-14 11:26:30,329 [Test worker] INFO  o.s.b.a.w.s.WelcomePageHandlerMapping - Adding welcome page template: index
2025-06-14 11:26:31,138 [Test worker] INFO  o.s.b.t.m.w.SpringBootMockServletContext - Initializing Spring TestDispatcherServlet ''
2025-06-14 11:26:31,139 [Test worker] INFO  o.s.t.w.s.TestDispatcherServlet - Initializing Servlet ''
2025-06-14 11:26:31,143 [Test worker] INFO  o.s.t.w.s.TestDispatcherServlet - Completed initialization in 2 ms
2025-06-14 11:26:31,203 [Test worker] INFO  l.acceptancetests.AcceptanceTest1 - Started AcceptanceTest1 in 10.004 seconds (process running for 13.135)
2025-06-14 11:26:32,801 [Test worker] INFO  o.s.t.c.s.AnnotationConfigContextLoaderUtils - Could not detect default configuration classes for test class [library.acceptancetests.AcceptanceTest2]: AcceptanceTest2 does not declare any static, non-private, non-final, nested classes annotated with @Configuration.
2025-06-14 11:26:32,809 [Test worker] INFO  o.s.b.t.c.SpringBootTestContextBootstrapper - Found @SpringBootConfiguration library.BookListApplication for test class library.acceptancetests.AcceptanceTest2
2025-06-14 11:26:33,036 [Test worker] INFO  o.s.t.c.s.AnnotationConfigContextLoaderUtils - Could not detect default configuration classes for test class [library.acceptancetests.AcceptanceTest3]: AcceptanceTest3 does not declare any static, non-private, non-final, nested classes annotated with @Configuration.
2025-06-14 11:26:33,042 [Test worker] INFO  o.s.b.t.c.SpringBootTestContextBootstrapper - Found @SpringBootConfiguration library.BookListApplication for test class library.acceptancetests.AcceptanceTest3
2025-06-14 11:26:33,101 [Test worker] INFO  o.s.t.c.s.AnnotationConfigContextLoaderUtils - Could not detect default configuration classes for test class [library.core.services.AddBookServiceTest]: AddBookServiceTest does not declare any static, non-private, non-final, nested classes annotated with @Configuration.
2025-06-14 11:26:33,135 [Test worker] INFO  o.s.b.t.c.SpringBootTestContextBootstrapper - Found @SpringBootConfiguration library.BookListApplication for test class library.core.services.AddBookServiceTest
2025-06-14 11:26:34,121 [Test worker] INFO  o.s.t.c.s.AnnotationConfigContextLoaderUtils - Could not detect default configuration classes for test class [library.core.services.AddReaderServiceTest]: AddReaderServiceTest does not declare any static, non-private, non-final, nested classes annotated with @Configuration.
2025-06-14 11:26:34,133 [Test worker] INFO  o.s.b.t.c.SpringBootTestContextBootstrapper - Found @SpringBootConfiguration library.BookListApplication for test class library.core.services.AddReaderServiceTest
2025-06-14 11:26:34,416 [Test worker] INFO  o.s.t.c.s.AnnotationConfigContextLoaderUtils - Could not detect default configuration classes for test class [library.core.services.GetAllBooksServiceTest]: GetAllBooksServiceTest does not declare any static, non-private, non-final, nested classes annotated with @Configuration.
2025-06-14 11:26:34,425 [Test worker] INFO  o.s.b.t.c.SpringBootTestContextBootstrapper - Found @SpringBootConfiguration library.BookListApplication for test class library.core.services.GetAllBooksServiceTest
2025-06-14 11:26:34,454 [Test worker] INFO  o.s.t.c.s.AnnotationConfigContextLoaderUtils - Could not detect default configuration classes for test class [library.core.services.GetAllReadersServiceTest]: GetAllReadersServiceTest does not declare any static, non-private, non-final, nested classes annotated with @Configuration.
2025-06-14 11:26:34,464 [Test worker] INFO  o.s.b.t.c.SpringBootTestContextBootstrapper - Found @SpringBootConfiguration library.BookListApplication for test class library.core.services.GetAllReadersServiceTest
2025-06-14 11:26:34,494 [Test worker] INFO  o.s.t.c.s.AnnotationConfigContextLoaderUtils - Could not detect default configuration classes for test class [library.core.services.RemoveBookServiceTest]: RemoveBookServiceTest does not declare any static, non-private, non-final, nested classes annotated with @Configuration.
2025-06-14 11:26:34,502 [Test worker] INFO  o.s.b.t.c.SpringBootTestContextBootstrapper - Found @SpringBootConfiguration library.BookListApplication for test class library.core.services.RemoveBookServiceTest
2025-06-14 11:26:34,563 [Test worker] INFO  o.s.t.c.s.AnnotationConfigContextLoaderUtils - Could not detect default configuration classes for test class [library.core.services.RemoveReaderServiceTest]: RemoveReaderServiceTest does not declare any static, non-private, non-final, nested classes annotated with @Configuration.
2025-06-14 11:26:34,570 [Test worker] INFO  o.s.b.t.c.SpringBootTestContextBootstrapper - Found @SpringBootConfiguration library.BookListApplication for test class library.core.services.RemoveReaderServiceTest
2025-06-14 11:26:34,651 [Test worker] INFO  o.s.t.c.s.AnnotationConfigContextLoaderUtils - Could not detect default configuration classes for test class [library.core.services.SearchBooksServiceTest]: SearchBooksServiceTest does not declare any static, non-private, non-final, nested classes annotated with @Configuration.
2025-06-14 11:26:34,659 [Test worker] INFO  o.s.b.t.c.SpringBootTestContextBootstrapper - Found @SpringBootConfiguration library.BookListApplication for test class library.core.services.SearchBooksServiceTest
2025-06-14 11:26:34,824 [Test worker] INFO  o.s.t.c.s.AnnotationConfigContextLoaderUtils - Could not detect default configuration classes for test class [library.core.services.SearchReadersServiceTest]: SearchReadersServiceTest does not declare any static, non-private, non-final, nested classes annotated with @Configuration.
2025-06-14 11:26:34,831 [Test worker] INFO  o.s.b.t.c.SpringBootTestContextBootstrapper - Found @SpringBootConfiguration library.BookListApplication for test class library.core.services.SearchReadersServiceTest
2025-06-14 11:26:34,962 [Test worker] INFO  o.s.t.c.s.AnnotationConfigContextLoaderUtils - Could not detect default configuration classes for test class [library.core.validators.AddReaderBookRequestValidatorTest]: AddReaderBookRequestValidatorTest does not declare any static, non-private, non-final, nested classes annotated with @Configuration.
2025-06-14 11:26:35,025 [Test worker] INFO  o.s.b.t.c.SpringBootTestContextBootstrapper - Found @SpringBootConfiguration library.BookListApplication for test class library.core.validators.AddReaderBookRequestValidatorTest
2025-06-14 11:26:35,195 [Test worker] INFO  o.s.t.c.s.AnnotationConfigContextLoaderUtils - Could not detect default configuration classes for test class [library.core.validators.AddReaderRequestValidatorTest]: AddReaderRequestValidatorTest does not declare any static, non-private, non-final, nested classes annotated with @Configuration.
2025-06-14 11:26:35,203 [Test worker] INFO  o.s.b.t.c.SpringBootTestContextBootstrapper - Found @SpringBootConfiguration library.BookListApplication for test class library.core.validators.AddReaderRequestValidatorTest
2025-06-14 11:26:35,303 [Test worker] INFO  o.s.t.c.s.AnnotationConfigContextLoaderUtils - Could not detect default configuration classes for test class [library.core.validators.RemoveReaderRequestValidatorTest]: RemoveReaderRequestValidatorTest does not declare any static, non-private, non-final, nested classes annotated with @Configuration.
2025-06-14 11:26:35,309 [Test worker] INFO  o.s.b.t.c.SpringBootTestContextBootstrapper - Found @SpringBootConfiguration library.BookListApplication for test class library.core.validators.RemoveReaderRequestValidatorTest
2025-06-14 11:26:35,415 [Test worker] INFO  o.s.t.c.s.AnnotationConfigContextLoaderUtils - Could not detect default configuration classes for test class [library.core.validators.bookValidation.AddBookRequestValidatorTest]: AddBookRequestValidatorTest does not declare any static, non-private, non-final, nested classes annotated with @Configuration.
2025-06-14 11:26:35,464 [Test worker] INFO  o.s.b.t.c.SpringBootTestContextBootstrapper - Found @SpringBootConfiguration library.BookListApplication for test class library.core.validators.bookValidation.AddBookRequestValidatorTest
2025-06-14 11:26:35,554 [Test worker] INFO  o.s.t.c.s.AnnotationConfigContextLoaderUtils - Could not detect default configuration classes for test class [library.core.validators.bookValidation.RemoveBookRequestValidatorTest]: RemoveBookRequestValidatorTest does not declare any static, non-private, non-final, nested classes annotated with @Configuration.
2025-06-14 11:26:35,560 [Test worker] INFO  o.s.b.t.c.SpringBootTestContextBootstrapper - Found @SpringBootConfiguration library.BookListApplication for test class library.core.validators.bookValidation.RemoveBookRequestValidatorTest
2025-06-14 11:26:35,622 [Test worker] INFO  o.s.t.c.s.AnnotationConfigContextLoaderUtils - Could not detect default configuration classes for test class [library.core.validators.bookValidation.SearchBooksRequestValidatorTest]: SearchBooksRequestValidatorTest does not declare any static, non-private, non-final, nested classes annotated with @Configuration.
2025-06-14 11:26:35,628 [Test worker] INFO  o.s.b.t.c.SpringBootTestContextBootstrapper - Found @SpringBootConfiguration library.BookListApplication for test class library.core.validators.bookValidation.SearchBooksRequestValidatorTest
2025-06-14 11:26:35,911 [Test worker] INFO  o.s.t.c.s.AnnotationConfigContextLoaderUtils - Could not detect default configuration classes for test class [library.integrationtests.BookRequestValidationIntegrationTest]: BookRequestValidationIntegrationTest does not declare any static, non-private, non-final, nested classes annotated with @Configuration.
2025-06-14 11:26:35,932 [Test worker] INFO  o.s.b.t.c.SpringBootTestContextBootstrapper - Found @SpringBootConfiguration library.BookListApplication for test class library.integrationtests.BookRequestValidationIntegrationTest
2025-06-14 11:26:36,008 [Test worker] INFO  o.s.t.c.s.AnnotationConfigContextLoaderUtils - Could not detect default configuration classes for test class [library.integrationtests.ReaderRequestValidationIntegrationTest]: ReaderRequestValidationIntegrationTest does not declare any static, non-private, non-final, nested classes annotated with @Configuration.
2025-06-14 11:26:36,013 [Test worker] INFO  o.s.b.t.c.SpringBootTestContextBootstrapper - Found @SpringBootConfiguration library.BookListApplication for test class library.integrationtests.ReaderRequestValidationIntegrationTest
2025-06-14 11:26:36,067 [SpringApplicationShutdownHook] INFO  o.s.o.j.LocalContainerEntityManagerFactoryBean - Closing JPA EntityManagerFactory for persistence unit 'default'
2025-06-14 11:26:36,071 [SpringApplicationShutdownHook] INFO  com.zaxxer.hikari.HikariDataSource - HikariPool-1 - Shutdown initiated...
2025-06-14 11:26:36,078 [SpringApplicationShutdownHook] INFO  com.zaxxer.hikari.HikariDataSource - HikariPool-1 - Shutdown completed.
